"Severity","ThreadID","Date","Time","Application","Message"
"ERROR","ajp-nio-8009-exec-1","05/03/2018","12:28:59","","query tag;lucee.runtime.exp.DatabaseException
Table 'mediakits.new_table' doesn't exist;lucee.runtime.exp.DatabaseException: 
	at sun.reflect.NativeConstructorAccessorImpl.newInstance0(Native Method)
	at sun.reflect.NativeConstructorAccessorImpl.newInstance(NativeConstructorAccessorImpl.java:62)
	at sun.reflect.DelegatingConstructorAccessorImpl.newInstance(DelegatingConstructorAccessorImpl.java:45)
	at java.lang.reflect.Constructor.newInstance(Constructor.java:423)
	at com.mysql.jdbc.Util.handleNewInstance(Util.java:404)
	at com.mysql.jdbc.Util.getInstance(Util.java:387)
	at com.mysql.jdbc.SQLError.createSQLException(SQLError.java:939)
	at com.mysql.jdbc.MysqlIO.checkErrorPacket(MysqlIO.java:3878)
	at com.mysql.jdbc.MysqlIO.checkErrorPacket(MysqlIO.java:3814)
	at com.mysql.jdbc.MysqlIO.sendCommand(MysqlIO.java:2478)
	at com.mysql.jdbc.MysqlIO.sqlQueryDirect(MysqlIO.java:2625)
	at com.mysql.jdbc.ConnectionImpl.execSQL(ConnectionImpl.java:2547)
	at com.mysql.jdbc.ConnectionImpl.execSQL(ConnectionImpl.java:2505)
	at com.mysql.jdbc.StatementImpl.executeInternal(StatementImpl.java:840)
	at com.mysql.jdbc.StatementImpl.execute(StatementImpl.java:740)
	at lucee.runtime.type.util.QueryUtil.execute(QueryUtil.java:293)
	at lucee.runtime.type.QueryImpl.execute(QueryImpl.java:271)
	at lucee.runtime.type.QueryImpl.<init>(QueryImpl.java:224)
	at lucee.runtime.tag.Query.executeDatasoure(Query.java:951)
	at lucee.runtime.tag.Query.doEndTag(Query.java:700)
	at subsystems.influencer.views.main.default_cfm$cf.call(/subsystems/influencer/views/main/default.cfm:13)
	at lucee.runtime.PageContextImpl._doInclude(PageContextImpl.java:908)
	at lucee.runtime.PageContextImpl._doInclude(PageContextImpl.java:833)
	at lucee.runtime.PageContextImpl.doInclude(PageContextImpl.java:817)
	at framework.one_cfc$cf.udfCalla(/framework/one.cfc:1867)
	at framework.one_cfc$cf.udfCall(/framework/one.cfc)
	at lucee.runtime.type.UDFImpl.implementation(UDFImpl.java:107)
	at lucee.runtime.type.UDFImpl._call(UDFImpl.java:357)
	at lucee.runtime.type.UDFImpl.call(UDFImpl.java:226)
	at lucee.runtime.type.scope.UndefinedImpl.call(UndefinedImpl.java:771)
	at lucee.runtime.util.VariableUtilImpl.callFunctionWithoutNamedValues(VariableUtilImpl.java:756)
	at lucee.runtime.PageContextImpl.getFunction(PageContextImpl.java:1698)
	at framework.one_cfc$cf.udfCall5(/framework/one.cfc:860)
	at framework.one_cfc$cf.udfCall(/framework/one.cfc)
	at lucee.runtime.type.UDFImpl.implementation(UDFImpl.java:107)
	at lucee.runtime.type.UDFImpl._call(UDFImpl.java:357)
	at lucee.runtime.type.UDFImpl.call(UDFImpl.java:226)
	at lucee.runtime.ComponentImpl._call(ComponentImpl.java:668)
	at lucee.runtime.ComponentImpl._call(ComponentImpl.java:586)
	at lucee.runtime.ComponentImpl.call(ComponentImpl.java:1972)
	at lucee.runtime.listener.ModernAppListener.call(ModernAppListener.java:419)
	at lucee.runtime.listener.ModernAppListener._onRequest(ModernAppListener.java:221)
	at lucee.runtime.listener.MixedAppListener.onRequest(MixedAppListener.java:43)
	at lucee.runtime.PageContextImpl.execute(PageContextImpl.java:2405)
	at lucee.runtime.PageContextImpl._execute(PageContextImpl.java:2395)
	at lucee.runtime.PageContextImpl.executeCFML(PageContextImpl.java:2363)
	at lucee.runtime.engine.Request.exe(Request.java:44)
	at lucee.runtime.engine.CFMLEngineImpl._service(CFMLEngineImpl.java:1091)
	at lucee.runtime.engine.CFMLEngineImpl.serviceCFML(CFMLEngineImpl.java:1039)
	at lucee.loader.engine.CFMLEngineWrapper.serviceCFML(CFMLEngineWrapper.java:102)
	at lucee.loader.servlet.CFMLServlet.service(CFMLServlet.java:51)
	at javax.servlet.http.HttpServlet.service(HttpServlet.java:742)
	at org.apache.catalina.core.ApplicationFilterChain.internalDoFilter(ApplicationFilterChain.java:231)
	at org.apache.catalina.core.ApplicationFilterChain.doFilter(ApplicationFilterChain.java:166)
	at org.apache.tomcat.websocket.server.WsFilter.doFilter(WsFilter.java:52)
	at org.apache.catalina.core.ApplicationFilterChain.internalDoFilter(ApplicationFilterChain.java:193)
	at org.apache.catalina.core.ApplicationFilterChain.doFilter(ApplicationFilterChain.java:166)
	at org.apache.catalina.core.StandardWrapperValve.invoke(StandardWrapperValve.java:199)
	at org.apache.catalina.core.StandardContextValve.invoke(StandardContextValve.java:96)
	at org.apache.catalina.core.StandardHostValve.invoke(StandardHostValve.java:140)
	at org.apache.catalina.valves.ErrorReportValve.invoke(ErrorReportValve.java:81)
	at org.apache.catalina.core.StandardEngineValve.invoke(StandardEngineValve.java:87)
	at org.apache.catalina.connector.CoyoteAdapter.service(CoyoteAdapter.java:342)
	at org.apache.coyote.ajp.AjpProcessor.service(AjpProcessor.java:486)
	at org.apache.coyote.AbstractProcessorLight.process(AbstractProcessorLight.java:66)
	at org.apache.coyote.AbstractProtocol$ConnectionHandler.process(AbstractProtocol.java:790)
	at org.apache.tomcat.util.net.NioEndpoint$SocketProcessor.doRun(NioEndpoint.java:1459)
	at org.apache.tomcat.util.net.SocketProcessorBase.run(SocketProcessorBase.java:49)
	at java.util.concurrent.ThreadPoolExecutor.runWorker(ThreadPoolExecutor.java:1149)
	at java.util.concurrent.ThreadPoolExecutor$Worker.run(ThreadPoolExecutor.java:624)
	at org.apache.tomcat.util.threads.TaskThread$WrappingRunnable.run(TaskThread.java:61)
	at java.lang.Thread.run(Thread.java:748)
"
