"Severity","ThreadID","Date","Time","Application","Message"
"ERROR","ajp-nio-8009-exec-9","05/03/2018","12:33:55","","hibernate;Error during DDL export;org.hibernate.JDBCException: Error during DDL export
	at org.hibernate.tool.hbm2ddl.SchemaUpdate.execute(SchemaUpdate.java:209)
	at org.lucee.extension.orm.hibernate.HibernateSessionFactory.schemaExport(HibernateSessionFactory.java:284)
	at org.lucee.extension.orm.hibernate.HibernateSessionFactory.createConfiguration(HibernateSessionFactory.java:240)
	at org.lucee.extension.orm.hibernate.SessionFactoryData.setConfiguration(SessionFactoryData.java:203)
	at org.lucee.extension.orm.hibernate.HibernateORMEngine.getSessionFactoryData(HibernateORMEngine.java:188)
	at org.lucee.extension.orm.hibernate.HibernateORMEngine.reload(HibernateORMEngine.java:94)
	at lucee.runtime.config.ConfigImpl.resetORMEngine(ConfigImpl.java:2990)
	at lucee.runtime.orm.ORMUtil.resetEngine(ORMUtil.java:74)
	at lucee.runtime.functions.orm.ORMReload.call(ORMReload.java:40)
	at application_cfc$cf.udfCall(/Application.cfc:96)
	at lucee.runtime.type.UDFImpl.implementation(UDFImpl.java:107)
	at lucee.runtime.type.UDFImpl._call(UDFImpl.java:357)
	at lucee.runtime.type.UDFImpl.call(UDFImpl.java:226)
	at lucee.runtime.type.scope.UndefinedImpl.call(UndefinedImpl.java:771)
	at lucee.runtime.util.VariableUtilImpl.callFunctionWithoutNamedValues(VariableUtilImpl.java:756)
	at lucee.runtime.PageContextImpl.getFunction(PageContextImpl.java:1698)
	at framework.one_cfc$cf.udfCalld(/framework/one.cfc:2803)
	at framework.one_cfc$cf.udfCall(/framework/one.cfc)
	at lucee.runtime.type.UDFImpl.implementation(UDFImpl.java:107)
	at lucee.runtime.type.UDFImpl._call(UDFImpl.java:357)
	at lucee.runtime.type.UDFImpl.call(UDFImpl.java:226)
	at lucee.runtime.type.scope.UndefinedImpl.call(UndefinedImpl.java:771)
	at lucee.runtime.util.VariableUtilImpl.callFunctionWithoutNamedValues(VariableUtilImpl.java:756)
	at lucee.runtime.PageContextImpl.getFunction(PageContextImpl.java:1698)
	at framework.one_cfc$cf.udfCall5(/framework/one.cfc:933)
	at framework.one_cfc$cf.udfCall(/framework/one.cfc)
	at lucee.runtime.type.UDFImpl.implementation(UDFImpl.java:107)
	at lucee.runtime.type.UDFImpl._call(UDFImpl.java:357)
	at lucee.runtime.type.UDFImpl.call(UDFImpl.java:226)
	at lucee.runtime.ComponentImpl._call(ComponentImpl.java:668)
	at lucee.runtime.ComponentImpl._call(ComponentImpl.java:586)
	at lucee.runtime.ComponentImpl.call(ComponentImpl.java:1972)
	at lucee.runtime.listener.ModernAppListener.call(ModernAppListener.java:419)
	at lucee.runtime.listener.ModernAppListener._onRequest(ModernAppListener.java:131)
	at lucee.runtime.listener.MixedAppListener.onRequest(MixedAppListener.java:43)
	at lucee.runtime.PageContextImpl.execute(PageContextImpl.java:2405)
	at lucee.runtime.PageContextImpl._execute(PageContextImpl.java:2395)
	at lucee.runtime.PageContextImpl.executeCFML(PageContextImpl.java:2363)
	at lucee.runtime.engine.Request.exe(Request.java:44)
	at lucee.runtime.engine.CFMLEngineImpl._service(CFMLEngineImpl.java:1091)
	at lucee.runtime.engine.CFMLEngineImpl.serviceCFML(CFMLEngineImpl.java:1039)
	at lucee.loader.engine.CFMLEngineWrapper.serviceCFML(CFMLEngineWrapper.java:102)
	at lucee.loader.servlet.CFMLServlet.service(CFMLServlet.java:51)
	at javax.servlet.http.HttpServlet.service(HttpServlet.java:742)
	at org.apache.catalina.core.ApplicationFilterChain.internalDoFilter(ApplicationFilterChain.java:231)
	at org.apache.catalina.core.ApplicationFilterChain.doFilter(ApplicationFilterChain.java:166)
	at org.apache.tomcat.websocket.server.WsFilter.doFilter(WsFilter.java:52)
	at org.apache.catalina.core.ApplicationFilterChain.internalDoFilter(ApplicationFilterChain.java:193)
	at org.apache.catalina.core.ApplicationFilterChain.doFilter(ApplicationFilterChain.java:166)
	at org.apache.catalina.core.StandardWrapperValve.invoke(StandardWrapperValve.java:199)
	at org.apache.catalina.core.StandardContextValve.invoke(StandardContextValve.java:96)
	at org.apache.catalina.core.StandardHostValve.invoke(StandardHostValve.java:140)
	at org.apache.catalina.valves.ErrorReportValve.invoke(ErrorReportValve.java:81)
	at org.apache.catalina.core.StandardEngineValve.invoke(StandardEngineValve.java:87)
	at org.apache.catalina.connector.CoyoteAdapter.service(CoyoteAdapter.java:342)
	at org.apache.coyote.ajp.AjpProcessor.service(AjpProcessor.java:486)
	at org.apache.coyote.AbstractProcessorLight.process(AbstractProcessorLight.java:66)
	at org.apache.coyote.AbstractProtocol$ConnectionHandler.process(AbstractProtocol.java:790)
	at org.apache.tomcat.util.net.NioEndpoint$SocketProcessor.doRun(NioEndpoint.java:1459)
	at org.apache.tomcat.util.net.SocketProcessorBase.run(SocketProcessorBase.java:49)
	at java.util.concurrent.ThreadPoolExecutor.runWorker(ThreadPoolExecutor.java:1149)
	at java.util.concurrent.ThreadPoolExecutor$Worker.run(ThreadPoolExecutor.java:624)
	at org.apache.tomcat.util.threads.TaskThread$WrappingRunnable.run(TaskThread.java:61)
	at java.lang.Thread.run(Thread.java:748)
Caused by: com.mysql.jdbc.exceptions.jdbc4.MySQLSyntaxErrorException: Duplicate column name 'InfluencerProfileID'
	at sun.reflect.NativeConstructorAccessorImpl.newInstance0(Native Method)
	at sun.reflect.NativeConstructorAccessorImpl.newInstance(NativeConstructorAccessorImpl.java:62)
	at sun.reflect.DelegatingConstructorAccessorImpl.newInstance(DelegatingConstructorAccessorImpl.java:45)
	at java.lang.reflect.Constructor.newInstance(Constructor.java:423)
	at com.mysql.jdbc.Util.handleNewInstance(Util.java:404)
	at com.mysql.jdbc.Util.getInstance(Util.java:387)
	at com.mysql.jdbc.SQLError.createSQLException(SQLError.java:939)
	at com.mysql.jdbc.MysqlIO.checkErrorPacket(MysqlIO.java:3878)
	at com.mysql.jdbc.MysqlIO.checkErrorPacket(MysqlIO.java:3814)
	at com.mysql.jdbc.MysqlIO.sendCommand(MysqlIO.java:2478)
	at com.mysql.jdbc.MysqlIO.sqlQueryDirect(MysqlIO.java:2625)
	at com.mysql.jdbc.ConnectionImpl.execSQL(ConnectionImpl.java:2547)
	at com.mysql.jdbc.StatementImpl.executeUpdateInternal(StatementImpl.java:1541)
	at com.mysql.jdbc.StatementImpl.executeLargeUpdate(StatementImpl.java:2605)
	at com.mysql.jdbc.StatementImpl.executeUpdate(StatementImpl.java:1469)
	at org.hibernate.tool.hbm2ddl.SchemaUpdate.execute(SchemaUpdate.java:204)
	... 63 more
"
"ERROR","ajp-nio-8009-exec-7","05/03/2018","12:44:13","","hibernate;Error during DDL export;org.hibernate.JDBCException: Error during DDL export
	at org.hibernate.tool.hbm2ddl.SchemaUpdate.execute(SchemaUpdate.java:209)
	at org.lucee.extension.orm.hibernate.HibernateSessionFactory.schemaExport(HibernateSessionFactory.java:284)
	at org.lucee.extension.orm.hibernate.HibernateSessionFactory.createConfiguration(HibernateSessionFactory.java:240)
	at org.lucee.extension.orm.hibernate.SessionFactoryData.setConfiguration(SessionFactoryData.java:203)
	at org.lucee.extension.orm.hibernate.HibernateORMEngine.getSessionFactoryData(HibernateORMEngine.java:188)
	at org.lucee.extension.orm.hibernate.HibernateORMEngine.reload(HibernateORMEngine.java:94)
	at lucee.runtime.config.ConfigImpl.resetORMEngine(ConfigImpl.java:2990)
	at lucee.runtime.orm.ORMUtil.resetEngine(ORMUtil.java:74)
	at lucee.runtime.functions.orm.ORMReload.call(ORMReload.java:40)
	at application_cfc$cf.udfCall(/Application.cfc:96)
	at lucee.runtime.type.UDFImpl.implementation(UDFImpl.java:107)
	at lucee.runtime.type.UDFImpl._call(UDFImpl.java:357)
	at lucee.runtime.type.UDFImpl.call(UDFImpl.java:226)
	at lucee.runtime.type.scope.UndefinedImpl.call(UndefinedImpl.java:771)
	at lucee.runtime.util.VariableUtilImpl.callFunctionWithoutNamedValues(VariableUtilImpl.java:756)
	at lucee.runtime.PageContextImpl.getFunction(PageContextImpl.java:1698)
	at framework.one_cfc$cf.udfCalld(/framework/one.cfc:2803)
	at framework.one_cfc$cf.udfCall(/framework/one.cfc)
	at lucee.runtime.type.UDFImpl.implementation(UDFImpl.java:107)
	at lucee.runtime.type.UDFImpl._call(UDFImpl.java:357)
	at lucee.runtime.type.UDFImpl.call(UDFImpl.java:226)
	at lucee.runtime.type.scope.UndefinedImpl.call(UndefinedImpl.java:771)
	at lucee.runtime.util.VariableUtilImpl.callFunctionWithoutNamedValues(VariableUtilImpl.java:756)
	at lucee.runtime.PageContextImpl.getFunction(PageContextImpl.java:1698)
	at framework.one_cfc$cf.udfCall5(/framework/one.cfc:933)
	at framework.one_cfc$cf.udfCall(/framework/one.cfc)
	at lucee.runtime.type.UDFImpl.implementation(UDFImpl.java:107)
	at lucee.runtime.type.UDFImpl._call(UDFImpl.java:357)
	at lucee.runtime.type.UDFImpl.call(UDFImpl.java:226)
	at lucee.runtime.ComponentImpl._call(ComponentImpl.java:668)
	at lucee.runtime.ComponentImpl._call(ComponentImpl.java:586)
	at lucee.runtime.ComponentImpl.call(ComponentImpl.java:1972)
	at lucee.runtime.listener.ModernAppListener.call(ModernAppListener.java:419)
	at lucee.runtime.listener.ModernAppListener._onRequest(ModernAppListener.java:131)
	at lucee.runtime.listener.MixedAppListener.onRequest(MixedAppListener.java:43)
	at lucee.runtime.PageContextImpl.execute(PageContextImpl.java:2405)
	at lucee.runtime.PageContextImpl._execute(PageContextImpl.java:2395)
	at lucee.runtime.PageContextImpl.executeCFML(PageContextImpl.java:2363)
	at lucee.runtime.engine.Request.exe(Request.java:44)
	at lucee.runtime.engine.CFMLEngineImpl._service(CFMLEngineImpl.java:1091)
	at lucee.runtime.engine.CFMLEngineImpl.serviceCFML(CFMLEngineImpl.java:1039)
	at lucee.loader.engine.CFMLEngineWrapper.serviceCFML(CFMLEngineWrapper.java:102)
	at lucee.loader.servlet.CFMLServlet.service(CFMLServlet.java:51)
	at javax.servlet.http.HttpServlet.service(HttpServlet.java:742)
	at org.apache.catalina.core.ApplicationFilterChain.internalDoFilter(ApplicationFilterChain.java:231)
	at org.apache.catalina.core.ApplicationFilterChain.doFilter(ApplicationFilterChain.java:166)
	at org.apache.tomcat.websocket.server.WsFilter.doFilter(WsFilter.java:52)
	at org.apache.catalina.core.ApplicationFilterChain.internalDoFilter(ApplicationFilterChain.java:193)
	at org.apache.catalina.core.ApplicationFilterChain.doFilter(ApplicationFilterChain.java:166)
	at org.apache.catalina.core.StandardWrapperValve.invoke(StandardWrapperValve.java:199)
	at org.apache.catalina.core.StandardContextValve.invoke(StandardContextValve.java:96)
	at org.apache.catalina.core.StandardHostValve.invoke(StandardHostValve.java:140)
	at org.apache.catalina.valves.ErrorReportValve.invoke(ErrorReportValve.java:81)
	at org.apache.catalina.core.StandardEngineValve.invoke(StandardEngineValve.java:87)
	at org.apache.catalina.connector.CoyoteAdapter.service(CoyoteAdapter.java:342)
	at org.apache.coyote.ajp.AjpProcessor.service(AjpProcessor.java:486)
	at org.apache.coyote.AbstractProcessorLight.process(AbstractProcessorLight.java:66)
	at org.apache.coyote.AbstractProtocol$ConnectionHandler.process(AbstractProtocol.java:790)
	at org.apache.tomcat.util.net.NioEndpoint$SocketProcessor.doRun(NioEndpoint.java:1459)
	at org.apache.tomcat.util.net.SocketProcessorBase.run(SocketProcessorBase.java:49)
	at java.util.concurrent.ThreadPoolExecutor.runWorker(ThreadPoolExecutor.java:1149)
	at java.util.concurrent.ThreadPoolExecutor$Worker.run(ThreadPoolExecutor.java:624)
	at org.apache.tomcat.util.threads.TaskThread$WrappingRunnable.run(TaskThread.java:61)
	at java.lang.Thread.run(Thread.java:748)
Caused by: com.mysql.jdbc.exceptions.jdbc4.MySQLSyntaxErrorException: Table 'influencerprofiletodemographics' already exists
	at sun.reflect.NativeConstructorAccessorImpl.newInstance0(Native Method)
	at sun.reflect.NativeConstructorAccessorImpl.newInstance(NativeConstructorAccessorImpl.java:62)
	at sun.reflect.DelegatingConstructorAccessorImpl.newInstance(DelegatingConstructorAccessorImpl.java:45)
	at java.lang.reflect.Constructor.newInstance(Constructor.java:423)
	at com.mysql.jdbc.Util.handleNewInstance(Util.java:404)
	at com.mysql.jdbc.Util.getInstance(Util.java:387)
	at com.mysql.jdbc.SQLError.createSQLException(SQLError.java:939)
	at com.mysql.jdbc.MysqlIO.checkErrorPacket(MysqlIO.java:3878)
	at com.mysql.jdbc.MysqlIO.checkErrorPacket(MysqlIO.java:3814)
	at com.mysql.jdbc.MysqlIO.sendCommand(MysqlIO.java:2478)
	at com.mysql.jdbc.MysqlIO.sqlQueryDirect(MysqlIO.java:2625)
	at com.mysql.jdbc.ConnectionImpl.execSQL(ConnectionImpl.java:2547)
	at com.mysql.jdbc.StatementImpl.executeUpdateInternal(StatementImpl.java:1541)
	at com.mysql.jdbc.StatementImpl.executeLargeUpdate(StatementImpl.java:2605)
	at com.mysql.jdbc.StatementImpl.executeUpdate(StatementImpl.java:1469)
	at org.hibernate.tool.hbm2ddl.SchemaUpdate.execute(SchemaUpdate.java:204)
	... 63 more
"
"ERROR","ajp-nio-8009-exec-2","05/03/2018","12:48:12","","hibernate;Error during DDL export;org.hibernate.JDBCException: Error during DDL export
	at org.hibernate.tool.hbm2ddl.SchemaUpdate.execute(SchemaUpdate.java:209)
	at org.lucee.extension.orm.hibernate.HibernateSessionFactory.schemaExport(HibernateSessionFactory.java:284)
	at org.lucee.extension.orm.hibernate.HibernateSessionFactory.createConfiguration(HibernateSessionFactory.java:240)
	at org.lucee.extension.orm.hibernate.SessionFactoryData.setConfiguration(SessionFactoryData.java:203)
	at org.lucee.extension.orm.hibernate.HibernateORMEngine.getSessionFactoryData(HibernateORMEngine.java:188)
	at org.lucee.extension.orm.hibernate.HibernateORMEngine.reload(HibernateORMEngine.java:94)
	at lucee.runtime.config.ConfigImpl.resetORMEngine(ConfigImpl.java:2990)
	at lucee.runtime.orm.ORMUtil.resetEngine(ORMUtil.java:74)
	at lucee.runtime.functions.orm.ORMReload.call(ORMReload.java:40)
	at application_cfc$cf.udfCall(/Application.cfc:96)
	at lucee.runtime.type.UDFImpl.implementation(UDFImpl.java:107)
	at lucee.runtime.type.UDFImpl._call(UDFImpl.java:357)
	at lucee.runtime.type.UDFImpl.call(UDFImpl.java:226)
	at lucee.runtime.type.scope.UndefinedImpl.call(UndefinedImpl.java:771)
	at lucee.runtime.util.VariableUtilImpl.callFunctionWithoutNamedValues(VariableUtilImpl.java:756)
	at lucee.runtime.PageContextImpl.getFunction(PageContextImpl.java:1698)
	at framework.one_cfc$cf.udfCalld(/framework/one.cfc:2803)
	at framework.one_cfc$cf.udfCall(/framework/one.cfc)
	at lucee.runtime.type.UDFImpl.implementation(UDFImpl.java:107)
	at lucee.runtime.type.UDFImpl._call(UDFImpl.java:357)
	at lucee.runtime.type.UDFImpl.call(UDFImpl.java:226)
	at lucee.runtime.type.scope.UndefinedImpl.call(UndefinedImpl.java:771)
	at lucee.runtime.util.VariableUtilImpl.callFunctionWithoutNamedValues(VariableUtilImpl.java:756)
	at lucee.runtime.PageContextImpl.getFunction(PageContextImpl.java:1698)
	at framework.one_cfc$cf.udfCall5(/framework/one.cfc:933)
	at framework.one_cfc$cf.udfCall(/framework/one.cfc)
	at lucee.runtime.type.UDFImpl.implementation(UDFImpl.java:107)
	at lucee.runtime.type.UDFImpl._call(UDFImpl.java:357)
	at lucee.runtime.type.UDFImpl.call(UDFImpl.java:226)
	at lucee.runtime.ComponentImpl._call(ComponentImpl.java:668)
	at lucee.runtime.ComponentImpl._call(ComponentImpl.java:586)
	at lucee.runtime.ComponentImpl.call(ComponentImpl.java:1972)
	at lucee.runtime.listener.ModernAppListener.call(ModernAppListener.java:419)
	at lucee.runtime.listener.ModernAppListener._onRequest(ModernAppListener.java:131)
	at lucee.runtime.listener.MixedAppListener.onRequest(MixedAppListener.java:43)
	at lucee.runtime.PageContextImpl.execute(PageContextImpl.java:2405)
	at lucee.runtime.PageContextImpl._execute(PageContextImpl.java:2395)
	at lucee.runtime.PageContextImpl.executeCFML(PageContextImpl.java:2363)
	at lucee.runtime.engine.Request.exe(Request.java:44)
	at lucee.runtime.engine.CFMLEngineImpl._service(CFMLEngineImpl.java:1091)
	at lucee.runtime.engine.CFMLEngineImpl.serviceCFML(CFMLEngineImpl.java:1039)
	at lucee.loader.engine.CFMLEngineWrapper.serviceCFML(CFMLEngineWrapper.java:102)
	at lucee.loader.servlet.CFMLServlet.service(CFMLServlet.java:51)
	at javax.servlet.http.HttpServlet.service(HttpServlet.java:742)
	at org.apache.catalina.core.ApplicationFilterChain.internalDoFilter(ApplicationFilterChain.java:231)
	at org.apache.catalina.core.ApplicationFilterChain.doFilter(ApplicationFilterChain.java:166)
	at org.apache.tomcat.websocket.server.WsFilter.doFilter(WsFilter.java:52)
	at org.apache.catalina.core.ApplicationFilterChain.internalDoFilter(ApplicationFilterChain.java:193)
	at org.apache.catalina.core.ApplicationFilterChain.doFilter(ApplicationFilterChain.java:166)
	at org.apache.catalina.core.StandardWrapperValve.invoke(StandardWrapperValve.java:199)
	at org.apache.catalina.core.StandardContextValve.invoke(StandardContextValve.java:96)
	at org.apache.catalina.core.StandardHostValve.invoke(StandardHostValve.java:140)
	at org.apache.catalina.valves.ErrorReportValve.invoke(ErrorReportValve.java:81)
	at org.apache.catalina.core.StandardEngineValve.invoke(StandardEngineValve.java:87)
	at org.apache.catalina.connector.CoyoteAdapter.service(CoyoteAdapter.java:342)
	at org.apache.coyote.ajp.AjpProcessor.service(AjpProcessor.java:486)
	at org.apache.coyote.AbstractProcessorLight.process(AbstractProcessorLight.java:66)
	at org.apache.coyote.AbstractProtocol$ConnectionHandler.process(AbstractProtocol.java:790)
	at org.apache.tomcat.util.net.NioEndpoint$SocketProcessor.doRun(NioEndpoint.java:1459)
	at org.apache.tomcat.util.net.SocketProcessorBase.run(SocketProcessorBase.java:49)
	at java.util.concurrent.ThreadPoolExecutor.runWorker(ThreadPoolExecutor.java:1149)
	at java.util.concurrent.ThreadPoolExecutor$Worker.run(ThreadPoolExecutor.java:624)
	at org.apache.tomcat.util.threads.TaskThread$WrappingRunnable.run(TaskThread.java:61)
	at java.lang.Thread.run(Thread.java:748)
Caused by: com.mysql.jdbc.exceptions.jdbc4.MySQLSyntaxErrorException: Table 'influencerprofiletodemographics' already exists
	at sun.reflect.NativeConstructorAccessorImpl.newInstance0(Native Method)
	at sun.reflect.NativeConstructorAccessorImpl.newInstance(NativeConstructorAccessorImpl.java:62)
	at sun.reflect.DelegatingConstructorAccessorImpl.newInstance(DelegatingConstructorAccessorImpl.java:45)
	at java.lang.reflect.Constructor.newInstance(Constructor.java:423)
	at com.mysql.jdbc.Util.handleNewInstance(Util.java:404)
	at com.mysql.jdbc.Util.getInstance(Util.java:387)
	at com.mysql.jdbc.SQLError.createSQLException(SQLError.java:939)
	at com.mysql.jdbc.MysqlIO.checkErrorPacket(MysqlIO.java:3878)
	at com.mysql.jdbc.MysqlIO.checkErrorPacket(MysqlIO.java:3814)
	at com.mysql.jdbc.MysqlIO.sendCommand(MysqlIO.java:2478)
	at com.mysql.jdbc.MysqlIO.sqlQueryDirect(MysqlIO.java:2625)
	at com.mysql.jdbc.ConnectionImpl.execSQL(ConnectionImpl.java:2547)
	at com.mysql.jdbc.StatementImpl.executeUpdateInternal(StatementImpl.java:1541)
	at com.mysql.jdbc.StatementImpl.executeLargeUpdate(StatementImpl.java:2605)
	at com.mysql.jdbc.StatementImpl.executeUpdate(StatementImpl.java:1469)
	at org.hibernate.tool.hbm2ddl.SchemaUpdate.execute(SchemaUpdate.java:204)
	... 63 more
"
"ERROR","ajp-nio-8009-exec-5","05/03/2018","13:26:04","","hibernate;Error during DDL export;org.hibernate.JDBCException: Error during DDL export
	at org.hibernate.tool.hbm2ddl.SchemaUpdate.execute(SchemaUpdate.java:209)
	at org.lucee.extension.orm.hibernate.HibernateSessionFactory.schemaExport(HibernateSessionFactory.java:284)
	at org.lucee.extension.orm.hibernate.HibernateSessionFactory.createConfiguration(HibernateSessionFactory.java:240)
	at org.lucee.extension.orm.hibernate.SessionFactoryData.setConfiguration(SessionFactoryData.java:203)
	at org.lucee.extension.orm.hibernate.HibernateORMEngine.getSessionFactoryData(HibernateORMEngine.java:188)
	at org.lucee.extension.orm.hibernate.HibernateORMEngine.reload(HibernateORMEngine.java:94)
	at lucee.runtime.config.ConfigImpl.resetORMEngine(ConfigImpl.java:2990)
	at lucee.runtime.orm.ORMUtil.resetEngine(ORMUtil.java:74)
	at lucee.runtime.functions.orm.ORMReload.call(ORMReload.java:40)
	at application_cfc$cf.udfCall(/Application.cfc:96)
	at lucee.runtime.type.UDFImpl.implementation(UDFImpl.java:107)
	at lucee.runtime.type.UDFImpl._call(UDFImpl.java:357)
	at lucee.runtime.type.UDFImpl.call(UDFImpl.java:226)
	at lucee.runtime.type.scope.UndefinedImpl.call(UndefinedImpl.java:771)
	at lucee.runtime.util.VariableUtilImpl.callFunctionWithoutNamedValues(VariableUtilImpl.java:756)
	at lucee.runtime.PageContextImpl.getFunction(PageContextImpl.java:1698)
	at framework.one_cfc$cf.udfCalld(/framework/one.cfc:2803)
	at framework.one_cfc$cf.udfCall(/framework/one.cfc)
	at lucee.runtime.type.UDFImpl.implementation(UDFImpl.java:107)
	at lucee.runtime.type.UDFImpl._call(UDFImpl.java:357)
	at lucee.runtime.type.UDFImpl.call(UDFImpl.java:226)
	at lucee.runtime.type.scope.UndefinedImpl.call(UndefinedImpl.java:771)
	at lucee.runtime.util.VariableUtilImpl.callFunctionWithoutNamedValues(VariableUtilImpl.java:756)
	at lucee.runtime.PageContextImpl.getFunction(PageContextImpl.java:1698)
	at framework.one_cfc$cf.udfCall5(/framework/one.cfc:933)
	at framework.one_cfc$cf.udfCall(/framework/one.cfc)
	at lucee.runtime.type.UDFImpl.implementation(UDFImpl.java:107)
	at lucee.runtime.type.UDFImpl._call(UDFImpl.java:357)
	at lucee.runtime.type.UDFImpl.call(UDFImpl.java:226)
	at lucee.runtime.ComponentImpl._call(ComponentImpl.java:668)
	at lucee.runtime.ComponentImpl._call(ComponentImpl.java:586)
	at lucee.runtime.ComponentImpl.call(ComponentImpl.java:1972)
	at lucee.runtime.listener.ModernAppListener.call(ModernAppListener.java:419)
	at lucee.runtime.listener.ModernAppListener._onRequest(ModernAppListener.java:131)
	at lucee.runtime.listener.MixedAppListener.onRequest(MixedAppListener.java:43)
	at lucee.runtime.PageContextImpl.execute(PageContextImpl.java:2405)
	at lucee.runtime.PageContextImpl._execute(PageContextImpl.java:2395)
	at lucee.runtime.PageContextImpl.executeCFML(PageContextImpl.java:2363)
	at lucee.runtime.engine.Request.exe(Request.java:44)
	at lucee.runtime.engine.CFMLEngineImpl._service(CFMLEngineImpl.java:1091)
	at lucee.runtime.engine.CFMLEngineImpl.serviceCFML(CFMLEngineImpl.java:1039)
	at lucee.loader.engine.CFMLEngineWrapper.serviceCFML(CFMLEngineWrapper.java:102)
	at lucee.loader.servlet.CFMLServlet.service(CFMLServlet.java:51)
	at javax.servlet.http.HttpServlet.service(HttpServlet.java:742)
	at org.apache.catalina.core.ApplicationFilterChain.internalDoFilter(ApplicationFilterChain.java:231)
	at org.apache.catalina.core.ApplicationFilterChain.doFilter(ApplicationFilterChain.java:166)
	at org.apache.tomcat.websocket.server.WsFilter.doFilter(WsFilter.java:52)
	at org.apache.catalina.core.ApplicationFilterChain.internalDoFilter(ApplicationFilterChain.java:193)
	at org.apache.catalina.core.ApplicationFilterChain.doFilter(ApplicationFilterChain.java:166)
	at org.apache.catalina.core.StandardWrapperValve.invoke(StandardWrapperValve.java:199)
	at org.apache.catalina.core.StandardContextValve.invoke(StandardContextValve.java:96)
	at org.apache.catalina.core.StandardHostValve.invoke(StandardHostValve.java:140)
	at org.apache.catalina.valves.ErrorReportValve.invoke(ErrorReportValve.java:81)
	at org.apache.catalina.core.StandardEngineValve.invoke(StandardEngineValve.java:87)
	at org.apache.catalina.connector.CoyoteAdapter.service(CoyoteAdapter.java:342)
	at org.apache.coyote.ajp.AjpProcessor.service(AjpProcessor.java:486)
	at org.apache.coyote.AbstractProcessorLight.process(AbstractProcessorLight.java:66)
	at org.apache.coyote.AbstractProtocol$ConnectionHandler.process(AbstractProtocol.java:790)
	at org.apache.tomcat.util.net.NioEndpoint$SocketProcessor.doRun(NioEndpoint.java:1459)
	at org.apache.tomcat.util.net.SocketProcessorBase.run(SocketProcessorBase.java:49)
	at java.util.concurrent.ThreadPoolExecutor.runWorker(ThreadPoolExecutor.java:1149)
	at java.util.concurrent.ThreadPoolExecutor$Worker.run(ThreadPoolExecutor.java:624)
	at org.apache.tomcat.util.threads.TaskThread$WrappingRunnable.run(TaskThread.java:61)
	at java.lang.Thread.run(Thread.java:748)
Caused by: com.mysql.jdbc.exceptions.jdbc4.MySQLSyntaxErrorException: Table 'influencerprofiletodemographics' already exists
	at sun.reflect.NativeConstructorAccessorImpl.newInstance0(Native Method)
	at sun.reflect.NativeConstructorAccessorImpl.newInstance(NativeConstructorAccessorImpl.java:62)
	at sun.reflect.DelegatingConstructorAccessorImpl.newInstance(DelegatingConstructorAccessorImpl.java:45)
	at java.lang.reflect.Constructor.newInstance(Constructor.java:423)
	at com.mysql.jdbc.Util.handleNewInstance(Util.java:404)
	at com.mysql.jdbc.Util.getInstance(Util.java:387)
	at com.mysql.jdbc.SQLError.createSQLException(SQLError.java:939)
	at com.mysql.jdbc.MysqlIO.checkErrorPacket(MysqlIO.java:3878)
	at com.mysql.jdbc.MysqlIO.checkErrorPacket(MysqlIO.java:3814)
	at com.mysql.jdbc.MysqlIO.sendCommand(MysqlIO.java:2478)
	at com.mysql.jdbc.MysqlIO.sqlQueryDirect(MysqlIO.java:2625)
	at com.mysql.jdbc.ConnectionImpl.execSQL(ConnectionImpl.java:2547)
	at com.mysql.jdbc.StatementImpl.executeUpdateInternal(StatementImpl.java:1541)
	at com.mysql.jdbc.StatementImpl.executeLargeUpdate(StatementImpl.java:2605)
	at com.mysql.jdbc.StatementImpl.executeUpdate(StatementImpl.java:1469)
	at org.hibernate.tool.hbm2ddl.SchemaUpdate.execute(SchemaUpdate.java:204)
	... 63 more
"
